<?xml version="1.0" encoding="UTF-8"?>
<testsuite xmlns:xsi="http://www.w3.org/2001/XMLSchema-instance" xsi:noNamespaceSchemaLocation="https://maven.apache.org/surefire/maven-surefire-plugin/xsd/surefire-test-report.xsd" name="net.logstash.logback.ConfigurationTest" time="0.015" tests="4" errors="0" skipped="0" failures="1">
  <properties>
[...]
</properties>
  <testcase name="testAppenderHasListener" classname="net.logstash.logback.ConfigurationTest" time="0"/>
  <testcase name="failingTest" classname="net.logstash.logback.ConfigurationTest" time="0.007">
    <failure message="expected: &lt;1&gt; but was: &lt;2&gt;" type="org.opentest4j.AssertionFailedError"><![CDATA[Before the failing test
    
org.opentest4j.AssertionFailedError: OOPS expected: <1> but was: <2>
    at net.logstash.logback.ConfigurationTest.failingTest(ConfigurationTest.java:84)
]]></failure>
  </testcase>
  <testcase name="testLogstashEncoderAppender" classname="net.logstash.logback.ConfigurationTest" time="0.005"/>
  <testcase name="testLoggingEventCompositeJsonEncoderAppender" classname="net.logstash.logback.ConfigurationTest" time="0.003"/>
</testsuite>